00:00  INFO: Client commandline script started
00:00  INFO: Connecting to localhost:61234
00:00  INFO: Registering: foo
00:00  INFO: Refresh requested
00:00  INFO: 
Black Score: 2
White Score: 2
Next player: black
Board:
 |01234567
----------
0|********
1|********
2|********
3|***10***
4|***01***
5|********
6|********
7|********

00:00  INFO: 
Black Score: 0
White Score: 2
Next player: black
Board:
 |01234567
----------
0|********
1|********
2|********
3|***10***
4|***01***
5|********
6|********
7|********

00:00  INFO: Player 0:  game terminated received
00:00  INFO: You (player 1) lost!
